<?xml version="1.0" encoding="UTF-8"?>
<testsuite xmlns:xsi="http://www.w3.org/2001/XMLSchema-instance" xsi:noNamespaceSchemaLocation="https://maven.apache.org/surefire/maven-surefire-plugin/xsd/surefire-test-report-3.0.xsd" version="3.0" name="com.streamflow.partition.PartitionRebalancerTest" time="0.032" tests="6" errors="0" skipped="0" failures="0">
  <properties>
    <property name="awt.toolkit" value="sun.awt.X11.XToolkit"/>
    <property name="java.specification.version" value="11"/>
    <property name="sun.cpu.isalist" value=""/>
    <property name="sun.jnu.encoding" value="ANSI_X3.4-1968"/>
    <property name="java.class.path" value="/home/meital/workspace/new_eval_repo/streamflow_codebase/target/test-classes:/home/meital/workspace/new_eval_repo/streamflow_codebase/target/classes:/home/meital/.m2/repository/org/slf4j/slf4j-api/1.7.36/slf4j-api-1.7.36.jar:/home/meital/.m2/repository/org/slf4j/slf4j-simple/1.7.36/slf4j-simple-1.7.36.jar:/home/meital/.m2/repository/com/fasterxml/jackson/core/jackson-databind/2.13.3/jackson-databind-2.13.3.jar:/home/meital/.m2/repository/com/fasterxml/jackson/core/jackson-annotations/2.13.3/jackson-annotations-2.13.3.jar:/home/meital/.m2/repository/com/fasterxml/jackson/core/jackson-core/2.13.3/jackson-core-2.13.3.jar:/home/meital/.m2/repository/org/junit/jupiter/junit-jupiter/5.8.2/junit-jupiter-5.8.2.jar:/home/meital/.m2/repository/org/junit/jupiter/junit-jupiter-api/5.8.2/junit-jupiter-api-5.8.2.jar:/home/meital/.m2/repository/org/opentest4j/opentest4j/1.2.0/opentest4j-1.2.0.jar:/home/meital/.m2/repository/org/junit/platform/junit-platform-commons/1.8.2/junit-platform-commons-1.8.2.jar:/home/meital/.m2/repository/org/apiguardian/apiguardian-api/1.1.2/apiguardian-api-1.1.2.jar:/home/meital/.m2/repository/org/junit/jupiter/junit-jupiter-params/5.8.2/junit-jupiter-params-5.8.2.jar:/home/meital/.m2/repository/org/junit/jupiter/junit-jupiter-engine/5.8.2/junit-jupiter-engine-5.8.2.jar:/home/meital/.m2/repository/org/junit/platform/junit-platform-engine/1.8.2/junit-platform-engine-1.8.2.jar:/home/meital/.m2/repository/org/mockito/mockito-core/4.6.1/mockito-core-4.6.1.jar:/home/meital/.m2/repository/net/bytebuddy/byte-buddy/1.12.10/byte-buddy-1.12.10.jar:/home/meital/.m2/repository/net/bytebuddy/byte-buddy-agent/1.12.10/byte-buddy-agent-1.12.10.jar:/home/meital/.m2/repository/org/objenesis/objenesis/3.2/objenesis-3.2.jar:/home/meital/.m2/repository/org/mockito/mockito-junit-jupiter/4.6.1/mockito-junit-jupiter-4.6.1.jar:"/>
    <property name="java.vm.vendor" value="Debian"/>
    <property name="sun.arch.data.model" value="64"/>
    <property name="java.vendor.url" value="https://tracker.debian.org/openjdk-11"/>
    <property name="user.timezone" value=""/>
    <property name="java.vm.specification.version" value="11"/>
    <property name="os.name" value="Linux"/>
    <property name="sun.java.launcher" value="SUN_STANDARD"/>
    <property name="user.country" value="US"/>
    <property name="sun.boot.library.path" value="/usr/lib/jvm/java-11-openjdk-amd64/lib"/>
    <property name="sun.java.command" value="/home/meital/workspace/new_eval_repo/streamflow_codebase/target/surefire/surefirebooter-20250813131921144_3.jar /home/meital/workspace/new_eval_repo/streamflow_codebase/target/surefire 2025-08-13T13-19-20_945-jvmRun1 surefire-20250813131921144_1tmp surefire_0-20250813131921144_2tmp"/>
    <property name="jdk.debug" value="release"/>
    <property name="surefire.test.class.path" value="/home/meital/workspace/new_eval_repo/streamflow_codebase/target/test-classes:/home/meital/workspace/new_eval_repo/streamflow_codebase/target/classes:/home/meital/.m2/repository/org/slf4j/slf4j-api/1.7.36/slf4j-api-1.7.36.jar:/home/meital/.m2/repository/org/slf4j/slf4j-simple/1.7.36/slf4j-simple-1.7.36.jar:/home/meital/.m2/repository/com/fasterxml/jackson/core/jackson-databind/2.13.3/jackson-databind-2.13.3.jar:/home/meital/.m2/repository/com/fasterxml/jackson/core/jackson-annotations/2.13.3/jackson-annotations-2.13.3.jar:/home/meital/.m2/repository/com/fasterxml/jackson/core/jackson-core/2.13.3/jackson-core-2.13.3.jar:/home/meital/.m2/repository/org/junit/jupiter/junit-jupiter/5.8.2/junit-jupiter-5.8.2.jar:/home/meital/.m2/repository/org/junit/jupiter/junit-jupiter-api/5.8.2/junit-jupiter-api-5.8.2.jar:/home/meital/.m2/repository/org/opentest4j/opentest4j/1.2.0/opentest4j-1.2.0.jar:/home/meital/.m2/repository/org/junit/platform/junit-platform-commons/1.8.2/junit-platform-commons-1.8.2.jar:/home/meital/.m2/repository/org/apiguardian/apiguardian-api/1.1.2/apiguardian-api-1.1.2.jar:/home/meital/.m2/repository/org/junit/jupiter/junit-jupiter-params/5.8.2/junit-jupiter-params-5.8.2.jar:/home/meital/.m2/repository/org/junit/jupiter/junit-jupiter-engine/5.8.2/junit-jupiter-engine-5.8.2.jar:/home/meital/.m2/repository/org/junit/platform/junit-platform-engine/1.8.2/junit-platform-engine-1.8.2.jar:/home/meital/.m2/repository/org/mockito/mockito-core/4.6.1/mockito-core-4.6.1.jar:/home/meital/.m2/repository/net/bytebuddy/byte-buddy/1.12.10/byte-buddy-1.12.10.jar:/home/meital/.m2/repository/net/bytebuddy/byte-buddy-agent/1.12.10/byte-buddy-agent-1.12.10.jar:/home/meital/.m2/repository/org/objenesis/objenesis/3.2/objenesis-3.2.jar:/home/meital/.m2/repository/org/mockito/mockito-junit-jupiter/4.6.1/mockito-junit-jupiter-4.6.1.jar:"/>
    <property name="sun.cpu.endian" value="little"/>
    <property name="user.home" value="/home/meital"/>
    <property name="user.language" value="en"/>
    <property name="java.specification.vendor" value="Oracle Corporation"/>
    <property name="java.version.date" value="2025-07-15"/>
    <property name="java.home" value="/usr/lib/jvm/java-11-openjdk-amd64"/>
    <property name="file.separator" value="/"/>
    <property name="basedir" value="/home/meital/workspace/new_eval_repo/streamflow_codebase"/>
    <property name="java.vm.compressedOopsMode" value="Zero based"/>
    <property name="line.separator" value="&#10;"/>
    <property name="java.specification.name" value="Java Platform API Specification"/>
    <property name="java.vm.specification.vendor" value="Oracle Corporation"/>
    <property name="java.awt.graphicsenv" value="sun.awt.X11GraphicsEnvironment"/>
    <property name="surefire.real.class.path" value="/home/meital/workspace/new_eval_repo/streamflow_codebase/target/surefire/surefirebooter-20250813131921144_3.jar"/>
    <property name="sun.management.compiler" value="HotSpot 64-Bit Tiered Compilers"/>
    <property name="java.runtime.version" value="11.0.28+6-post-Debian-1deb11u1"/>
    <property name="user.name" value="meital"/>
    <property name="path.separator" value=":"/>
    <property name="os.version" value="5.10.0-35-cloud-amd64"/>
    <property name="java.runtime.name" value="OpenJDK Runtime Environment"/>
    <property name="file.encoding" value="ANSI_X3.4-1968"/>
    <property name="java.vm.name" value="OpenJDK 64-Bit Server VM"/>
    <property name="localRepository" value="/home/meital/.m2/repository"/>
    <property name="java.vendor.url.bug" value="https://bugs.debian.org/openjdk-11"/>
    <property name="java.io.tmpdir" value="/tmp"/>
    <property name="java.version" value="11.0.28"/>
    <property name="user.dir" value="/home/meital/workspace/new_eval_repo/streamflow_codebase"/>
    <property name="os.arch" value="amd64"/>
    <property name="java.vm.specification.name" value="Java Virtual Machine Specification"/>
    <property name="java.awt.printerjob" value="sun.print.PSPrinterJob"/>
    <property name="sun.os.patch.level" value="unknown"/>
    <property name="java.library.path" value="/usr/java/packages/lib:/usr/lib/x86_64-linux-gnu/jni:/lib/x86_64-linux-gnu:/usr/lib/x86_64-linux-gnu:/usr/lib/jni:/lib:/usr/lib"/>
    <property name="java.vm.info" value="mixed mode, sharing"/>
    <property name="java.vendor" value="Debian"/>
    <property name="java.vm.version" value="11.0.28+6-post-Debian-1deb11u1"/>
    <property name="java.specification.maintenance.version" value="3"/>
    <property name="sun.io.unicode.encoding" value="UnicodeLittle"/>
    <property name="java.class.version" value="55.0"/>
  </properties>
  <testcase name="testAssignPartitionsForNewTopic" classname="com.streamflow.partition.PartitionRebalancerTest" time="0.004">
    <system-err><![CDATA[[main] INFO com.streamflow.broker.ClusterMetadata - Registered broker 1 at localhost:9092
[main] INFO com.streamflow.broker.ClusterMetadata - Registered broker 2 at localhost:9093
[main] INFO com.streamflow.broker.ClusterMetadata - Registered broker 3 at localhost:9094
[main] INFO com.streamflow.partition.PartitionRebalancer - Assigning partitions for new topic: test-topic
[main] INFO com.streamflow.broker.PartitionManager - Promoting partition test-topic-0 to leader on broker 1
[main] INFO com.streamflow.broker.BrokerNode - Broker 1 became leader for partition test-topic-0
[main] INFO com.streamflow.broker.PartitionManager - Demoting partition test-topic-0 to follower on broker 2
[main] INFO com.streamflow.broker.BrokerNode - Broker 2 became follower for partition test-topic-0
[main] INFO com.streamflow.broker.PartitionManager - Promoting partition test-topic-1 to leader on broker 2
[main] INFO com.streamflow.broker.BrokerNode - Broker 2 became leader for partition test-topic-1
[main] INFO com.streamflow.broker.PartitionManager - Demoting partition test-topic-1 to follower on broker 3
[main] INFO com.streamflow.broker.BrokerNode - Broker 3 became follower for partition test-topic-1
[main] INFO com.streamflow.broker.PartitionManager - Promoting partition test-topic-2 to leader on broker 3
[main] INFO com.streamflow.broker.BrokerNode - Broker 3 became leader for partition test-topic-2
[main] INFO com.streamflow.broker.PartitionManager - Demoting partition test-topic-2 to follower on broker 1
[main] INFO com.streamflow.broker.BrokerNode - Broker 1 became follower for partition test-topic-2
[main] INFO com.streamflow.broker.PartitionManager - Promoting partition test-topic-3 to leader on broker 1
[main] INFO com.streamflow.broker.BrokerNode - Broker 1 became leader for partition test-topic-3
[main] INFO com.streamflow.broker.PartitionManager - Demoting partition test-topic-3 to follower on broker 2
[main] INFO com.streamflow.broker.BrokerNode - Broker 2 became follower for partition test-topic-3
[main] INFO com.streamflow.broker.PartitionManager - Promoting partition test-topic-4 to leader on broker 2
[main] INFO com.streamflow.broker.BrokerNode - Broker 2 became leader for partition test-topic-4
[main] INFO com.streamflow.broker.PartitionManager - Demoting partition test-topic-4 to follower on broker 3
[main] INFO com.streamflow.broker.BrokerNode - Broker 3 became follower for partition test-topic-4
[main] INFO com.streamflow.broker.PartitionManager - Promoting partition test-topic-5 to leader on broker 3
[main] INFO com.streamflow.broker.BrokerNode - Broker 3 became leader for partition test-topic-5
[main] INFO com.streamflow.broker.PartitionManager - Demoting partition test-topic-5 to follower on broker 1
[main] INFO com.streamflow.broker.BrokerNode - Broker 1 became follower for partition test-topic-5
[main] INFO com.streamflow.partition.PartitionRebalancer - Completed partition assignment for topic: test-topic
]]></system-err>
  </testcase>
  <testcase name="testRebalanceWithNoFailures" classname="com.streamflow.partition.PartitionRebalancerTest" time="0.003">
    <system-err><![CDATA[[main] INFO com.streamflow.broker.ClusterMetadata - Registered broker 1 at localhost:9092
[main] INFO com.streamflow.broker.ClusterMetadata - Registered broker 2 at localhost:9093
[main] INFO com.streamflow.broker.ClusterMetadata - Registered broker 3 at localhost:9094
]]></system-err>
  </testcase>
  <testcase name="testRebalanceWithFailedBroker" classname="com.streamflow.partition.PartitionRebalancerTest" time="0.005">
    <system-err><![CDATA[[main] INFO com.streamflow.broker.ClusterMetadata - Registered broker 1 at localhost:9092
[main] INFO com.streamflow.broker.ClusterMetadata - Registered broker 2 at localhost:9093
[main] INFO com.streamflow.broker.ClusterMetadata - Registered broker 3 at localhost:9094
[main] INFO com.streamflow.partition.PartitionRebalancer - Assigning partitions for new topic: test-topic
[main] INFO com.streamflow.broker.PartitionManager - Promoting partition test-topic-0 to leader on broker 1
[main] INFO com.streamflow.broker.BrokerNode - Broker 1 became leader for partition test-topic-0
[main] INFO com.streamflow.broker.PartitionManager - Demoting partition test-topic-0 to follower on broker 2
[main] INFO com.streamflow.broker.BrokerNode - Broker 2 became follower for partition test-topic-0
[main] INFO com.streamflow.broker.PartitionManager - Promoting partition test-topic-1 to leader on broker 2
[main] INFO com.streamflow.broker.BrokerNode - Broker 2 became leader for partition test-topic-1
[main] INFO com.streamflow.broker.PartitionManager - Demoting partition test-topic-1 to follower on broker 3
[main] INFO com.streamflow.broker.BrokerNode - Broker 3 became follower for partition test-topic-1
[main] INFO com.streamflow.broker.PartitionManager - Promoting partition test-topic-2 to leader on broker 3
[main] INFO com.streamflow.broker.BrokerNode - Broker 3 became leader for partition test-topic-2
[main] INFO com.streamflow.broker.PartitionManager - Demoting partition test-topic-2 to follower on broker 1
[main] INFO com.streamflow.broker.BrokerNode - Broker 1 became follower for partition test-topic-2
[main] INFO com.streamflow.broker.PartitionManager - Promoting partition test-topic-3 to leader on broker 1
[main] INFO com.streamflow.broker.BrokerNode - Broker 1 became leader for partition test-topic-3
[main] INFO com.streamflow.broker.PartitionManager - Demoting partition test-topic-3 to follower on broker 2
[main] INFO com.streamflow.broker.BrokerNode - Broker 2 became follower for partition test-topic-3
[main] INFO com.streamflow.broker.PartitionManager - Promoting partition test-topic-4 to leader on broker 2
[main] INFO com.streamflow.broker.BrokerNode - Broker 2 became leader for partition test-topic-4
[main] INFO com.streamflow.broker.PartitionManager - Demoting partition test-topic-4 to follower on broker 3
[main] INFO com.streamflow.broker.BrokerNode - Broker 3 became follower for partition test-topic-4
[main] INFO com.streamflow.broker.PartitionManager - Promoting partition test-topic-5 to leader on broker 3
[main] INFO com.streamflow.broker.BrokerNode - Broker 3 became leader for partition test-topic-5
[main] INFO com.streamflow.broker.PartitionManager - Demoting partition test-topic-5 to follower on broker 1
[main] INFO com.streamflow.broker.BrokerNode - Broker 1 became follower for partition test-topic-5
[main] INFO com.streamflow.partition.PartitionRebalancer - Completed partition assignment for topic: test-topic
[main] WARN com.streamflow.broker.ClusterMetadata - Broker 1 failed, affected partitions: [test-topic-0, test-topic-3]
[main] INFO com.streamflow.broker.ClusterMetadata - Unregistered broker 1
[main] INFO com.streamflow.partition.PartitionRebalancer - Performing cluster rebalance
[main] INFO com.streamflow.partition.PartitionRebalancer - Rebalancing topic: test-topic
[main] INFO com.streamflow.partition.PartitionRebalancer - Migrating partition test-topic-0 from [1, 2] to [2, 3]
[main] INFO com.streamflow.broker.PartitionManager - Demoting partition test-topic-0 to follower on broker 3
[main] INFO com.streamflow.broker.BrokerNode - Broker 3 became follower for partition test-topic-0
[main] INFO com.streamflow.broker.PartitionManager - Promoting partition test-topic-0 to leader on broker 2
[main] INFO com.streamflow.broker.BrokerNode - Broker 2 became leader for partition test-topic-0
[main] INFO com.streamflow.partition.PartitionRebalancer - Completed migration of partition test-topic-0
[main] INFO com.streamflow.partition.PartitionRebalancer - Migrating partition test-topic-1 from [2, 3] to [3, 2]
[main] INFO com.streamflow.broker.PartitionManager - Promoting partition test-topic-1 to leader on broker 3
[main] INFO com.streamflow.broker.BrokerNode - Broker 3 became leader for partition test-topic-1
[main] INFO com.streamflow.partition.PartitionRebalancer - Completed migration of partition test-topic-1
[main] INFO com.streamflow.partition.PartitionRebalancer - Migrating partition test-topic-2 from [3, 1] to [2, 3]
[main] INFO com.streamflow.broker.PartitionManager - Demoting partition test-topic-2 to follower on broker 2
[main] INFO com.streamflow.broker.BrokerNode - Broker 2 became follower for partition test-topic-2
[main] INFO com.streamflow.broker.PartitionManager - Promoting partition test-topic-2 to leader on broker 2
[main] INFO com.streamflow.broker.BrokerNode - Broker 2 became leader for partition test-topic-2
[main] INFO com.streamflow.partition.PartitionRebalancer - Completed migration of partition test-topic-2
[main] INFO com.streamflow.partition.PartitionRebalancer - Migrating partition test-topic-3 from [1, 2] to [3, 2]
[main] INFO com.streamflow.broker.PartitionManager - Demoting partition test-topic-3 to follower on broker 3
[main] INFO com.streamflow.broker.BrokerNode - Broker 3 became follower for partition test-topic-3
[main] INFO com.streamflow.broker.PartitionManager - Promoting partition test-topic-3 to leader on broker 3
[main] INFO com.streamflow.broker.BrokerNode - Broker 3 became leader for partition test-topic-3
[main] INFO com.streamflow.partition.PartitionRebalancer - Completed migration of partition test-topic-3
[main] INFO com.streamflow.partition.PartitionRebalancer - Migrating partition test-topic-5 from [3, 1] to [3, 2]
[main] INFO com.streamflow.broker.PartitionManager - Demoting partition test-topic-5 to follower on broker 2
[main] INFO com.streamflow.broker.BrokerNode - Broker 2 became follower for partition test-topic-5
[main] INFO com.streamflow.broker.PartitionManager - Promoting partition test-topic-5 to leader on broker 3
[main] INFO com.streamflow.broker.BrokerNode - Broker 3 became leader for partition test-topic-5
[main] INFO com.streamflow.partition.PartitionRebalancer - Completed migration of partition test-topic-5
[main] INFO com.streamflow.partition.PartitionRebalancer - Cluster rebalance completed
]]></system-err>
  </testcase>
  <testcase name="testPartitionDistribution" classname="com.streamflow.partition.PartitionRebalancerTest" time="0.004">
    <system-err><![CDATA[[main] INFO com.streamflow.broker.ClusterMetadata - Registered broker 1 at localhost:9092
[main] INFO com.streamflow.broker.ClusterMetadata - Registered broker 2 at localhost:9093
[main] INFO com.streamflow.broker.ClusterMetadata - Registered broker 3 at localhost:9094
[main] INFO com.streamflow.partition.PartitionRebalancer - Assigning partitions for new topic: test-topic
[main] INFO com.streamflow.broker.PartitionManager - Promoting partition test-topic-0 to leader on broker 1
[main] INFO com.streamflow.broker.BrokerNode - Broker 1 became leader for partition test-topic-0
[main] INFO com.streamflow.broker.PartitionManager - Promoting partition test-topic-1 to leader on broker 2
[main] INFO com.streamflow.broker.BrokerNode - Broker 2 became leader for partition test-topic-1
[main] INFO com.streamflow.broker.PartitionManager - Promoting partition test-topic-2 to leader on broker 3
[main] INFO com.streamflow.broker.BrokerNode - Broker 3 became leader for partition test-topic-2
[main] INFO com.streamflow.broker.PartitionManager - Promoting partition test-topic-7 to leader on broker 2
[main] INFO com.streamflow.broker.BrokerNode - Broker 2 became leader for partition test-topic-7
[main] INFO com.streamflow.broker.PartitionManager - Promoting partition test-topic-8 to leader on broker 3
[main] INFO com.streamflow.broker.BrokerNode - Broker 3 became leader for partition test-topic-8
[main] INFO com.streamflow.broker.PartitionManager - Promoting partition test-topic-3 to leader on broker 1
[main] INFO com.streamflow.broker.BrokerNode - Broker 1 became leader for partition test-topic-3
[main] INFO com.streamflow.broker.PartitionManager - Promoting partition test-topic-4 to leader on broker 2
[main] INFO com.streamflow.broker.BrokerNode - Broker 2 became leader for partition test-topic-4
[main] INFO com.streamflow.broker.PartitionManager - Promoting partition test-topic-5 to leader on broker 3
[main] INFO com.streamflow.broker.BrokerNode - Broker 3 became leader for partition test-topic-5
[main] INFO com.streamflow.broker.PartitionManager - Promoting partition test-topic-6 to leader on broker 1
[main] INFO com.streamflow.broker.BrokerNode - Broker 1 became leader for partition test-topic-6
[main] INFO com.streamflow.partition.PartitionRebalancer - Completed partition assignment for topic: test-topic
]]></system-err>
  </testcase>
  <testcase name="testRemovePartitionsForTopic" classname="com.streamflow.partition.PartitionRebalancerTest" time="0.003">
    <system-err><![CDATA[[main] INFO com.streamflow.broker.ClusterMetadata - Registered broker 1 at localhost:9092
[main] INFO com.streamflow.broker.ClusterMetadata - Registered broker 2 at localhost:9093
[main] INFO com.streamflow.broker.ClusterMetadata - Registered broker 3 at localhost:9094
[main] INFO com.streamflow.partition.PartitionRebalancer - Assigning partitions for new topic: test-topic
[main] INFO com.streamflow.broker.PartitionManager - Promoting partition test-topic-0 to leader on broker 1
[main] INFO com.streamflow.broker.BrokerNode - Broker 1 became leader for partition test-topic-0
[main] INFO com.streamflow.broker.PartitionManager - Demoting partition test-topic-0 to follower on broker 2
[main] INFO com.streamflow.broker.BrokerNode - Broker 2 became follower for partition test-topic-0
[main] INFO com.streamflow.broker.PartitionManager - Promoting partition test-topic-1 to leader on broker 2
[main] INFO com.streamflow.broker.BrokerNode - Broker 2 became leader for partition test-topic-1
[main] INFO com.streamflow.broker.PartitionManager - Demoting partition test-topic-1 to follower on broker 3
[main] INFO com.streamflow.broker.BrokerNode - Broker 3 became follower for partition test-topic-1
[main] INFO com.streamflow.broker.PartitionManager - Promoting partition test-topic-2 to leader on broker 3
[main] INFO com.streamflow.broker.BrokerNode - Broker 3 became leader for partition test-topic-2
[main] INFO com.streamflow.broker.PartitionManager - Demoting partition test-topic-2 to follower on broker 1
[main] INFO com.streamflow.broker.BrokerNode - Broker 1 became follower for partition test-topic-2
[main] INFO com.streamflow.partition.PartitionRebalancer - Completed partition assignment for topic: test-topic
[main] INFO com.streamflow.partition.PartitionRebalancer - Removing partitions for topic: test-topic
[main] INFO com.streamflow.broker.PartitionManager - Demoting partition test-topic-0 to follower on broker 1
[main] INFO com.streamflow.broker.BrokerNode - Broker 1 became follower for partition test-topic-0
[main] INFO com.streamflow.broker.PartitionManager - Demoting partition test-topic-0 to follower on broker 2
[main] INFO com.streamflow.broker.BrokerNode - Broker 2 became follower for partition test-topic-0
[main] INFO com.streamflow.broker.PartitionManager - Demoting partition test-topic-1 to follower on broker 2
[main] INFO com.streamflow.broker.BrokerNode - Broker 2 became follower for partition test-topic-1
[main] INFO com.streamflow.broker.PartitionManager - Demoting partition test-topic-1 to follower on broker 3
[main] INFO com.streamflow.broker.BrokerNode - Broker 3 became follower for partition test-topic-1
[main] INFO com.streamflow.broker.PartitionManager - Demoting partition test-topic-2 to follower on broker 3
[main] INFO com.streamflow.broker.BrokerNode - Broker 3 became follower for partition test-topic-2
[main] INFO com.streamflow.broker.PartitionManager - Demoting partition test-topic-2 to follower on broker 1
[main] INFO com.streamflow.broker.BrokerNode - Broker 1 became follower for partition test-topic-2
[main] INFO com.streamflow.partition.PartitionRebalancer - Completed partition removal for topic: test-topic
]]></system-err>
  </testcase>
  <testcase name="testAssignPartitionsInsufficientBrokers" classname="com.streamflow.partition.PartitionRebalancerTest" time="0.009">
    <system-err><![CDATA[[main] INFO com.streamflow.broker.ClusterMetadata - Registered broker 1 at localhost:9092
[main] INFO com.streamflow.partition.PartitionRebalancer - Assigning partitions for new topic: test-topic
]]></system-err>
  </testcase>
</testsuite>